/home/sinpo/repos/XNO/ERT_Problem/./ERT_hilbert.py:542: FutureWarning: You are using `torch.load` with `weights_only=False` (the current default value), which uses the default pickle module implicitly. It is possible to construct malicious pickle data which will execute arbitrary code during unpickling (See https://github.com/pytorch/pytorch/blob/main/SECURITY.md#untrusted-models for more details). In a future release, the default value for `weights_only` will be flipped to `True`. This limits the functions that could be executed during unpickling. Arbitrary objects will no longer be allowed to be loaded via this mode unless they are explicitly allowlisted by the user via `torch.serialization.add_safe_globals`. We recommend you start setting `weights_only=True` for any use case where you don't have full control of the loaded file. Please open an issue on GitHub for any issues related to this experimental feature.
  model.load_state_dict(torch.load('best_modelV1.pth'))
torch.Size([80000, 40, 100])
torch.Size([80000, 40, 100])
torch.Size([100, 40, 100])
torch.Size([100, 40, 100])
torch.Size([100, 40, 100])
torch.Size([100, 40, 100])
40
100
Devide is: cuda
999937
0 44.459615825966466 0.16859009089767932 0.09958600997924805
1 44.29574433603557 0.09125838790535927 0.06933226823806762
2 43.79724346799776 0.07096664605438709 0.07037178993225097
3 43.150674997013994 0.06268189649432898 0.04652343273162842
4 44.10196767596062 0.0629096929937601 0.05970095634460449
5 41.25913918501465 0.05528571540862322 0.039559472799301144
6 42.118012150982395 0.057946122720837594 0.049004051685333255
7 41.19805303198518 0.0508528885230422 0.05072821617126465
8 41.3953695880482 0.054083615286648276 0.057924866676330566
9 40.76518346299417 0.05129317001849413 0.03697038173675537
10 39.81456943403464 0.048090504367649556 0.03449158668518067
11 39.76755383401178 0.052028569585084915 0.07343217372894287
12 42.123287239985075 0.04494721636921167 0.04618677139282226
13 42.417311874974985 0.04418504484593868 0.04348643541336059
14 41.29946839995682 0.04583175662010908 0.039342019557952884
15 41.51445104001323 0.04327453185617924 0.03916871786117554
16 41.307066667010076 0.042067747853696345 0.1468944025039673
17 41.14113406598335 0.04308182245641947 0.034233037233352664
18 42.11864539398812 0.041913323962688445 0.057252738475799564
19 42.967269148968626 0.04111515611410141 0.036979305744171145
20 41.64477572700707 0.039383771839737895 0.03439217686653137
21 41.16675565595506 0.040159659940004346 0.04378701210021973
22 41.23565027897712 0.03884836136251688 0.040454361438751224
23 41.1629355539917 0.038645065431296824 0.02920842409133911
24 41.40090729901567 0.037823711186647416 0.03189357876777649
25 40.90274693403626 0.03637067205607891 0.044843332767486574
26 40.765341437014285 0.0393697198048234 0.03173396587371826
27 41.97819554700982 0.03285021568983793 0.04380475521087646
28 40.30537469900446 0.03610433046221733 0.03197400569915772
29 41.0511491659563 0.03345082989633083 0.044065723419189455
30 40.35392372100614 0.03666433586776256 0.03810823678970337
31 40.9382217139937 0.03619634487330914 0.03167889356613159
32 40.60827586299274 0.03282405172586441 0.03985653281211853
33 42.10064382501878 0.03412753120213747 0.031275062561035155
34 42.738330191001296 0.03204836720377207 0.03433423280715942
35 42.20336060697446 0.03118607766777277 0.030331379175186156
36 41.40900722198421 0.031136643466353416 0.035287818908691405
37 42.26414644700708 0.032622673051059245 0.043427731990814206
38 42.41221369296545 0.029807051372528075 0.03416733384132385
39 40.18357645504875 0.03062153467833996 0.02875914216041565
40 40.5559644579771 0.029564727189391852 0.02637570142745972
41 40.93899530201452 0.02809190113171935 0.03343586087226868
42 41.14617539104074 0.02695740388855338 0.03255139946937561
43 41.360651911003515 0.027383353621512653 0.037440569400787355
44 41.9032986619859 0.027848767791688444 0.031743407249450684
45 41.79217808897374 0.02712198665961623 0.026408839225769042
46 41.607094197999686 0.026818706814944745 0.030295413732528687
47 41.024320191994775 0.026459075728803873 0.04528737306594849
48 41.57283732300857 0.02446663879454136 0.025024927854537964
49 42.56572408397915 0.025605946438759564 0.02685416579246521
50 41.01141725399066 0.023836308869719505 0.024612596035003664
51 41.54371803998947 0.025410384649038314 0.02360212564468384
52 40.04590327304322 0.023902482818067075 0.02305731415748596
53 39.91742689302191 0.022787823215872048 0.022478392124176027
54 41.772583757992834 0.022355291910469532 0.02769055962562561
55 43.22386310895672 0.022933368416130542 0.022871984243392943
56 41.77457227901323 0.02169039740115404 0.026472961902618407
57 41.66187658300623 0.021525398034602402 0.023267159461975096
58 40.670827619032934 0.020988858234882356 0.024505568742752074
59 40.07979091099696 0.020580182000249626 0.021044214963912965
60 41.030722823983524 0.01996976349502802 0.020682029128074646
61 39.77037983899936 0.020025146443396806 0.022635467052459717
62 39.25011667999206 0.019448383586853742 0.01930739641189575
63 40.0316665659775 0.019217198467999696 0.019905048608779907
64 40.863526141038164 0.018794518382102252 0.0190634423494339
65 41.20046102104243 0.018256230102479457 0.020665252208709718
66 41.46456389903324 0.018135990162938834 0.019319170713424684
67 40.20989165198989 0.01752483605891466 0.018245623111724854
68 39.83961870899657 0.017366771420091392 0.016829670667648317
69 38.886997013003565 0.01700333350673318 0.0180521160364151
70 39.70027576299617 0.0166926597699523 0.0182712459564209
71 41.21982937800931 0.016238974268734455 0.015459129810333252
72 41.97780656302348 0.01588297501206398 0.016282643675804138
73 40.71343798498856 0.015596299298107625 0.015249367952346802
74 40.34587495698361 0.015224714884161949 0.01603662133216858
75 42.16747313697124 0.01492723803371191 0.015245710015296936
76 40.959623817005195 0.014502059296518564 0.015267186164855957
77 41.33213328698184 0.014383448532223701 0.01552200436592102
78 41.19363967701793 0.013943251624703407 0.016169158816337584
79 41.35698868799955 0.013597608030587434 0.014211015105247497
80 41.063055100967176 0.013439393458515405 0.01415845274925232
81 40.01126336096786 0.013098678548634052 0.012914409637451172
82 41.589198482979555 0.012876345867663622 0.013315184116363525
83 41.66426281200256 0.012578434181958437 0.013139432072639465
84 40.99112504301593 0.012371568240597845 0.012961601018905639
85 41.10139975795755 0.012116738199070096 0.012801856994628906
86 40.849262690055184 0.011926551955565811 0.012362107634544373
87 42.40892143402016 0.011704782699048519 0.011973515152931213
88 41.97948602196993 0.011505847989395262 0.012110109329223634
89 42.03112555696862 0.011314497607573868 0.0122031968832016
90 42.141152511001565 0.011123736682906747 0.011176941692829132
91 42.27171996497782 0.010994299202784896 0.011588809490203857
92 42.21443932398688 0.010836564487218857 0.011365368962287903
93 41.535763831983786 0.010720037887617946 0.011077684760093688
94 41.95307001599576 0.010613307033851743 0.010908730030059814
95 41.759357932023704 0.010525559557601809 0.01082561731338501
96 41.59072701499099 0.010449874332547187 0.010835807025432586
97 42.87341083900537 0.010393277638405562 0.010697347223758697
98 42.41062201699242 0.010358202486485243 0.01076336830854416
99 42.22543451999081 0.010337335197255016 0.010756792426109314
Time taken for predictions on new_test.mat: 0.036576617043465376 seconds
Traceback (most recent call last):
  File "/home/sinpo/repos/XNO/.venv/lib/python3.10/site-packages/scipy/io/matlab/_mio.py", line 39, in _open_file
    return open(file_like, mode), True
FileNotFoundError: [Errno 2] No such file or directory: 'output/predicted1V.mat'

During handling of the above exception, another exception occurred:

Traceback (most recent call last):
  File "/home/sinpo/repos/XNO/ERT_Problem/./ERT_hilbert.py", line 566, in <module>
    sio.savemat('output/predicted1V.mat', {'predicted': predicted})
  File "/home/sinpo/repos/XNO/.venv/lib/python3.10/site-packages/scipy/io/matlab/_mio.py", line 287, in savemat
    with _open_file_context(file_name, appendmat, 'wb') as file_stream:
  File "/cvmfs/soft.computecanada.ca/easybuild/software/2023/x86-64-v3/Compiler/gcccore/python/3.10.13/lib/python3.10/contextlib.py", line 135, in __enter__
    return next(self.gen)
  File "/home/sinpo/repos/XNO/.venv/lib/python3.10/site-packages/scipy/io/matlab/_mio.py", line 17, in _open_file_context
    f, opened = _open_file(file_like, appendmat, mode)
  File "/home/sinpo/repos/XNO/.venv/lib/python3.10/site-packages/scipy/io/matlab/_mio.py", line 45, in _open_file
    return open(file_like, mode), True
FileNotFoundError: [Errno 2] No such file or directory: 'output/predicted1V.mat'
